\BOOKMARK [0][-]{chapter*.2}{\376\377\144\130\000\040\211\201}{}% 1
\BOOKMARK [0][-]{chapter*.3}{\376\377\000A\000B\000S\000T\000R\000A\000C\000T}{}% 2
\BOOKMARK [0][-]{chapter*.5}{\376\377\143\322\126\376\156\005\123\125}{}% 3
\BOOKMARK [0][-]{chapter*.6}{\376\377\000L\000i\000s\000t\000\040\000o\000f\000\040\000F\000i\000g\000u\000r\000e\000s}{}% 4
\BOOKMARK [0][-]{chapter*.7}{\376\377\226\104\210\150\156\005\123\125}{}% 5
\BOOKMARK [0][-]{chapter*.8}{\376\377\000L\000i\000s\000t\000\040\000o\000f\000\040\000T\000a\000b\000l\000e\000s}{}% 6
\BOOKMARK [0][-]{chapter.1}{\376\377\176\352\213\272}{}% 7
\BOOKMARK [1][-]{section.1.1}{\376\377\170\024\172\166\200\314\146\157\124\214\141\017\116\111}{chapter.1}% 8
\BOOKMARK [1][-]{section.1.2}{\376\377\170\024\172\166\166\356\166\204}{chapter.1}% 9
\BOOKMARK [1][-]{section.1.3}{\376\377\170\024\172\166\145\271\150\110}{chapter.1}% 10
\BOOKMARK [1][-]{section.1.4}{\376\377\230\204\147\037\166\356\150\007}{chapter.1}% 11
\BOOKMARK [0][-]{chapter.2}{\376\377\153\143\145\207\133\127\117\123\124\214\121\154\137\017\165\050\117\213}{}% 12
\BOOKMARK [1][-]{section.2.1}{\376\377\133\127\117\123\213\364\146\016}{chapter.2}% 13
\BOOKMARK [1][-]{section.2.2}{\376\377\121\154\137\017\117\213\133\120}{chapter.2}% 14
\BOOKMARK [2][-]{subsection.2.2.1}{\376\377\122\115\124\021\117\040\144\255\173\227\154\325}{section.2.2}% 15
\BOOKMARK [2][-]{subsection.2.2.2}{\376\377\172\000\165\217\210\150\171\072}{section.2.2}% 16
\BOOKMARK [0][-]{chapter.3}{\376\377\126\376\210\150\211\304\203\003\124\214\123\302\200\003\165\050\117\213}{}% 17
\BOOKMARK [1][-]{section.3.1}{\376\377\210\150\150\074\211\304\203\003\124\214\123\302\200\003\165\050\117\213}{chapter.3}% 18
\BOOKMARK [2][-]{subsection.3.1.1}{\376\377\173\227\154\325\140\047\200\375\153\324\217\203\210\150\150\074}{section.3.1}% 19
\BOOKMARK [2][-]{subsection.3.1.2}{\376\377\174\373\176\337\166\356\137\125\211\304\122\022\210\150\150\074}{section.3.1}% 20
\BOOKMARK [2][-]{subsection.3.1.3}{\376\377\174\373\176\337\140\073\117\123\213\276\213\241}{section.3.1}% 21
\BOOKMARK [2][-]{subsection.3.1.4}{\376\377\121\163\225\056\174\173\143\245\123\343}{section.3.1}% 22
\BOOKMARK [1][-]{section.3.2}{\376\377\126\376\211\304\203\003\124\214\123\302\200\003\165\050\117\213}{chapter.3}% 23
\BOOKMARK [2][-]{subsection.3.2.1}{\376\377\122\237\200\375\147\266\147\204\126\376}{section.3.2}% 24
\BOOKMARK [2][-]{subsection.3.2.2}{\376\377\174\373\176\337\147\266\147\204\126\376}{section.3.2}% 25
\BOOKMARK [2][-]{subsection.3.2.3}{\376\377\174\373\176\337\165\050\117\213\126\376}{section.3.2}% 26
\BOOKMARK [2][-]{subsection.3.2.4}{\376\377\173\227\154\325\155\101\172\013\126\376}{section.3.2}% 27
\BOOKMARK [2][-]{subsection.3.2.5}{\376\377\145\160\143\156\136\223\213\276\213\241\126\376}{section.3.2}% 28
\BOOKMARK [2][-]{subsection.3.2.6}{\376\377\173\227\154\325\140\047\200\375\122\006\147\220\126\376}{section.3.2}% 29
\BOOKMARK [0][-]{chapter.4}{\376\377\123\302\200\003\145\207\163\056\124\214\123\302\200\003\165\050\117\213}{}% 30
\BOOKMARK [1][-]{section.4.1}{\376\377\155\113\213\325\137\025\165\050}{chapter.4}% 31
\BOOKMARK [0][-]{chapter.5}{\376\377\170\024\172\166\165\037\213\272\145\207\116\023\133\266\213\304\133\241\136\070\211\301\225\356\230\230\123\312\117\356\145\071\145\271\150\110}{}% 32
\BOOKMARK [1][-]{section.5.1}{\376\377\116\023\133\266\213\304\133\241\211\201\160\271}{chapter.5}% 33
\BOOKMARK [1][-]{section.5.2}{\376\377\116\023\133\266\213\304\133\241\121\170\127\213\141\017\211\301\123\312\136\372\213\256\117\356\145\071\145\271\150\110}{chapter.5}% 34
\BOOKMARK [2][-]{subsection.5.2.1}{\376\377\116\055\145\207\144\130\211\201\145\271\227\142\166\204\225\356\230\230}{section.5.2}% 35
\BOOKMARK [0][-]{chapter.6}{\376\377\176\323\213\272\116\016\134\125\147\033}{}% 36
\BOOKMARK [1][-]{section.6.1}{\376\377\176\323\000\040\213\272}{chapter.6}% 37
\BOOKMARK [1][-]{section.6.2}{\376\377\134\125\000\040\147\033}{chapter.6}% 38
\BOOKMARK [0][-]{chapter*.22}{\376\377\123\302\200\003\145\207\163\056}{}% 39
\BOOKMARK [0][-]{chapter*.23}{\376\377\201\364\000\040\214\042}{}% 40
\BOOKMARK [0][-]{chapter*.24}{\376\377\117\134\200\005\173\200\116\313}{}% 41
\BOOKMARK [1][-]{section.6.3}{\376\377\117\134\200\005\173\200\123\206}{chapter*.24}% 42
\BOOKMARK [1][-]{section.6.4}{\376\377\145\073\213\373\170\125\130\353\133\146\117\115\147\037\225\364\123\321\210\150\166\204\133\146\147\057\213\272\145\207}{chapter*.24}% 43
\BOOKMARK [1][-]{section.6.5}{\376\377\123\302\116\016\166\204\171\321\170\024\230\171\166\356\123\312\203\267\131\126\140\305\121\265}{chapter*.24}% 44
\BOOKMARK [1][-]{section.6.6}{\376\377\123\321\146\016\116\023\122\051}{chapter*.24}% 45
\BOOKMARK [0][-]{chapter*.25}{\376\377\133\146\117\115\213\272\145\207\145\160\143\156\226\306}{}% 46
